[0.011s] Invoking command in '/root/ros_ws/CaRSC26-_-THT-_-13524130./src/soal-2and3-coconsept/build/yapping': CMAKE_PREFIX_PATH=/opt/ros/humble /usr/bin/cmake /root/ros_ws/CaRSC26-_-THT-_-13524130./src/soal-2and3-coconsept/src/yapping -DAMENT_CMAKE_SYMLINK_INSTALL=1 -DCMAKE_INSTALL_PREFIX=/root/ros_ws/CaRSC26-_-THT-_-13524130./src/soal-2and3-coconsept/install/yapping
[0.075s] -- The C compiler identification is GNU 11.4.0
[0.137s] -- The CXX compiler identification is GNU 11.4.0
[0.146s] -- Detecting C compiler ABI info
[0.234s] -- Detecting C compiler ABI info - done
[0.242s] -- Check for working C compiler: /usr/bin/cc - skipped
[0.242s] -- Detecting C compile features
[0.243s] -- Detecting C compile features - done
[0.247s] -- Detecting CXX compiler ABI info
[0.343s] -- Detecting CXX compiler ABI info - done
[0.349s] -- Check for working CXX compiler: /usr/bin/c++ - skipped
[0.349s] -- Detecting CXX compile features
[0.350s] -- Detecting CXX compile features - done
[0.354s] -- Found ament_cmake: 1.3.12 (/opt/ros/humble/share/ament_cmake/cmake)
[0.622s] -- Found Python3: /usr/bin/python3 (found version "3.10.12") found components: Interpreter 
[0.717s] -- Override CMake install command with custom implementation using symlinks instead of copying resources
[0.751s] -- Found rclcpp: 16.0.17 (/opt/ros/humble/share/rclcpp/cmake)
[0.786s] -- Found rosidl_generator_c: 3.1.8 (/opt/ros/humble/share/rosidl_generator_c/cmake)
[0.790s] -- Found rosidl_adapter: 3.1.8 (/opt/ros/humble/share/rosidl_adapter/cmake)
[0.798s] -- Found rosidl_generator_cpp: 3.1.8 (/opt/ros/humble/share/rosidl_generator_cpp/cmake)
[0.809s] -- Using all available rosidl_typesupport_c: rosidl_typesupport_fastrtps_c;rosidl_typesupport_introspection_c
[0.825s] -- Using all available rosidl_typesupport_cpp: rosidl_typesupport_fastrtps_cpp;rosidl_typesupport_introspection_cpp
[0.863s] -- Found rmw_implementation_cmake: 6.1.2 (/opt/ros/humble/share/rmw_implementation_cmake/cmake)
[0.864s] -- Found rmw_fastrtps_cpp: 6.2.9 (/opt/ros/humble/share/rmw_fastrtps_cpp/cmake)
[0.939s] -- Found OpenSSL: /usr/lib/x86_64-linux-gnu/libcrypto.so (found version "3.0.2")  
[0.965s] -- Found FastRTPS: /opt/ros/humble/include  
[1.002s] -- Using RMW implementation 'rmw_fastrtps_cpp' as default
[1.010s] -- Looking for pthread.h
[1.126s] -- Looking for pthread.h - found
[1.127s] -- Performing Test CMAKE_HAVE_LIBC_PTHREAD
[1.263s] -- Performing Test CMAKE_HAVE_LIBC_PTHREAD - Success
[1.267s] -- Found Threads: TRUE  
[1.324s] -- Found rosidl_default_generators: 1.2.0 (/opt/ros/humble/share/rosidl_default_generators/cmake)
[1.651s] -- Found ament_cmake_ros: 0.10.0 (/opt/ros/humble/share/ament_cmake_ros/cmake)
[2.105s] -- Using all available rosidl_typesupport_c: rosidl_typesupport_fastrtps_c;rosidl_typesupport_introspection_c
[2.257s] -- Using all available rosidl_typesupport_cpp: rosidl_typesupport_fastrtps_cpp;rosidl_typesupport_introspection_cpp
[2.277s] -- Found PythonInterp: /usr/bin/python3 (found suitable version "3.10.12", minimum required is "3.6") 
[2.279s] -- Found python_cmake_module: 0.10.0 (/opt/ros/humble/share/python_cmake_module/cmake)
[2.300s] -- Found PythonLibs: /usr/lib/x86_64-linux-gnu/libpython3.10.so (found suitable version "3.10.12", minimum required is "3.5") 
[2.301s] -- Using PYTHON_EXECUTABLE: /usr/bin/python3
[2.301s] -- Using PYTHON_INCLUDE_DIRS: /usr/include/python3.10
[2.302s] -- Using PYTHON_LIBRARIES: /usr/lib/x86_64-linux-gnu/libpython3.10.so
[2.318s] -- Found PythonExtra: .so  
[2.383s] [0mCMake Deprecation Warning at /opt/ros/humble/share/rosidl_cmake/cmake/rosidl_target_interfaces.cmake:32 (message):
[2.384s]   Use rosidl_get_typesupport_target() and target_link_libraries() instead of
[2.384s]   rosidl_target_interfaces()
[2.385s] Call Stack (most recent call first):
[2.385s]   CMakeLists.txt:18 (rosidl_target_interfaces)
[2.385s] 
[2.386s] [0m
[2.386s] [0mCMake Deprecation Warning at /opt/ros/humble/share/rosidl_cmake/cmake/rosidl_target_interfaces.cmake:32 (message):
[2.386s]   Use rosidl_get_typesupport_target() and target_link_libraries() instead of
[2.386s]   rosidl_target_interfaces()
[2.387s] Call Stack (most recent call first):
[2.387s]   CMakeLists.txt:23 (rosidl_target_interfaces)
[2.387s] 
[2.387s] [0m
[2.387s] [0mCMake Deprecation Warning at /opt/ros/humble/share/rosidl_cmake/cmake/rosidl_target_interfaces.cmake:32 (message):
[2.388s]   Use rosidl_get_typesupport_target() and target_link_libraries() instead of
[2.388s]   rosidl_target_interfaces()
[2.388s] Call Stack (most recent call first):
[2.389s]   CMakeLists.txt:28 (rosidl_target_interfaces)
[2.389s] 
[2.389s] [0m
[2.430s] -- Configuring done
[2.615s] -- Generating done
[2.671s] -- Build files have been written to: /root/ros_ws/CaRSC26-_-THT-_-13524130./src/soal-2and3-coconsept/build/yapping
[2.679s] Invoked command in '/root/ros_ws/CaRSC26-_-THT-_-13524130./src/soal-2and3-coconsept/build/yapping' returned '0': CMAKE_PREFIX_PATH=/opt/ros/humble /usr/bin/cmake /root/ros_ws/CaRSC26-_-THT-_-13524130./src/soal-2and3-coconsept/src/yapping -DAMENT_CMAKE_SYMLINK_INSTALL=1 -DCMAKE_INSTALL_PREFIX=/root/ros_ws/CaRSC26-_-THT-_-13524130./src/soal-2and3-coconsept/install/yapping
[2.683s] Invoking command in '/root/ros_ws/CaRSC26-_-THT-_-13524130./src/soal-2and3-coconsept/build/yapping': CMAKE_PREFIX_PATH=/opt/ros/humble /usr/bin/cmake --build /root/ros_ws/CaRSC26-_-THT-_-13524130./src/soal-2and3-coconsept/build/yapping -- -j16 -l16
[2.729s] [  2%] [34m[1mGenerating C code for ROS interfaces[0m
[2.751s] [  5%] [34m[1mGenerating C++ code for ROS interfaces[0m
[2.753s] [  5%] Built target ament_cmake_python_symlink_yapping
[2.969s] running egg_info
[2.970s] creating yapping.egg-info
[2.971s] writing yapping.egg-info/PKG-INFO
[2.973s] writing dependency_links to yapping.egg-info/dependency_links.txt
[2.974s] writing top-level names to yapping.egg-info/top_level.txt
[2.975s] writing manifest file 'yapping.egg-info/SOURCES.txt'
[2.980s] reading manifest file 'yapping.egg-info/SOURCES.txt'
[2.986s] writing manifest file 'yapping.egg-info/SOURCES.txt'
[3.016s] [  8%] [32mBuilding C object CMakeFiles/yapping__rosidl_generator_c.dir/rosidl_generator_c/yapping/srv/detail/duration__functions.c.o[0m
[3.017s] [  8%] Built target ament_cmake_python_build_yapping_egg
[3.024s] [  8%] Built target yapping__cpp
[3.036s] [ 16%] [34m[1mGenerating C++ type support for eProsima Fast-RTPS[0m
[3.036s] [ 16%] [34m[1mGenerating C++ introspection for ROS interfaces[0m
[3.037s] [ 16%] [34m[1mGenerating C++ type support dispatch for ROS interfaces[0m
[3.088s] [ 18%] [32m[1mLinking C shared library libyapping__rosidl_generator_c.so[0m
[3.138s] [ 18%] Built target yapping__rosidl_generator_c
[3.155s] [ 24%] [34m[1mGenerating C introspection for ROS interfaces[0m
[3.158s] [ 24%] [34m[1mGenerating C type support dispatch for ROS interfaces[0m
[3.158s] [ 27%] [34m[1mGenerating C type support for eProsima Fast-RTPS[0m
[3.303s] [ 29%] [32mBuilding CXX object CMakeFiles/yapping__rosidl_typesupport_cpp.dir/rosidl_typesupport_cpp/yapping/srv/duration__type_support.cpp.o[0m
[3.343s] [ 32%] [32mBuilding CXX object CMakeFiles/yapping__rosidl_typesupport_fastrtps_cpp.dir/rosidl_typesupport_fastrtps_cpp/yapping/srv/detail/dds_fastrtps/duration__type_support.cpp.o[0m
[3.424s] [ 35%] [32mBuilding CXX object CMakeFiles/yapping__rosidl_typesupport_introspection_cpp.dir/rosidl_typesupport_introspection_cpp/yapping/srv/detail/duration__type_support.cpp.o[0m
[3.437s] [ 37%] [32mBuilding CXX object CMakeFiles/yapping__rosidl_typesupport_c.dir/rosidl_typesupport_c/yapping/srv/duration__type_support.cpp.o[0m
[3.500s] [ 40%] [32mBuilding C object CMakeFiles/yapping__rosidl_typesupport_introspection_c.dir/rosidl_typesupport_introspection_c/yapping/srv/detail/duration__type_support.c.o[0m
[3.503s] [ 43%] [32m[1mLinking CXX shared library libyapping__rosidl_typesupport_c.so[0m
[3.526s] [ 45%] [32mBuilding CXX object CMakeFiles/yapping__rosidl_typesupport_fastrtps_c.dir/rosidl_typesupport_fastrtps_c/yapping/srv/detail/duration__type_support_c.cpp.o[0m
[3.574s] [ 48%] [32m[1mLinking C shared library libyapping__rosidl_typesupport_introspection_c.so[0m
[3.583s] [ 48%] Built target yapping__rosidl_typesupport_c
[3.628s] [ 48%] Built target yapping__rosidl_typesupport_introspection_c
[3.673s] [ 51%] [32m[1mLinking CXX shared library libyapping__rosidl_typesupport_cpp.so[0m
[3.760s] [ 51%] Built target yapping__rosidl_typesupport_cpp
[3.834s] [ 54%] [32m[1mLinking CXX shared library libyapping__rosidl_typesupport_fastrtps_cpp.so[0m
[3.917s] [ 56%] [32m[1mLinking CXX shared library libyapping__rosidl_typesupport_introspection_cpp.so[0m
[3.921s] [ 56%] Built target yapping__rosidl_typesupport_fastrtps_cpp
[3.931s] [ 59%] [32m[1mLinking CXX shared library libyapping__rosidl_typesupport_fastrtps_c.so[0m
[4.001s] [ 59%] Built target yapping__rosidl_typesupport_introspection_cpp
[4.024s] [ 59%] Built target yapping__rosidl_typesupport_fastrtps_c
[4.042s] [ 59%] Built target yapping
[4.069s] [ 62%] [34m[1mGenerating Python code for ROS interfaces[0m
[4.072s] [ 70%] [32mBuilding CXX object CMakeFiles/user.dir/src/user.cpp.o[0m
[4.073s] [ 70%] [32mBuilding CXX object CMakeFiles/watch.dir/src/watch.cpp.o[0m
[4.073s] [ 70%] [32mBuilding CXX object CMakeFiles/clock.dir/src/clock.cpp.o[0m
[4.491s] [ 70%] Built target yapping__py
[4.523s] [ 72%] [32mBuilding C object CMakeFiles/yapping__rosidl_generator_py.dir/rosidl_generator_py/yapping/srv/_duration_s.c.o[0m
[4.648s] [ 75%] [32m[1mLinking C shared library rosidl_generator_py/yapping/libyapping__rosidl_generator_py.so[0m
[4.710s] [ 75%] Built target yapping__rosidl_generator_py
[4.741s] [ 81%] [32mBuilding C object CMakeFiles/yapping__rosidl_typesupport_introspection_c__pyext.dir/rosidl_generator_py/yapping/_yapping_s.ep.rosidl_typesupport_introspection_c.c.o[0m
[4.743s] [ 81%] [32mBuilding C object CMakeFiles/yapping__rosidl_typesupport_c__pyext.dir/rosidl_generator_py/yapping/_yapping_s.ep.rosidl_typesupport_c.c.o[0m
[4.746s] [ 83%] [32mBuilding C object CMakeFiles/yapping__rosidl_typesupport_fastrtps_c__pyext.dir/rosidl_generator_py/yapping/_yapping_s.ep.rosidl_typesupport_fastrtps_c.c.o[0m
[4.925s] [ 86%] [32m[1mLinking C shared library rosidl_generator_py/yapping/yapping_s__rosidl_typesupport_c.cpython-310-x86_64-linux-gnu.so[0m
[4.928s] [ 89%] [32m[1mLinking C shared library rosidl_generator_py/yapping/yapping_s__rosidl_typesupport_introspection_c.cpython-310-x86_64-linux-gnu.so[0m
[4.943s] [ 91%] [32m[1mLinking C shared library rosidl_generator_py/yapping/yapping_s__rosidl_typesupport_fastrtps_c.cpython-310-x86_64-linux-gnu.so[0m
[5.011s] [ 91%] Built target yapping__rosidl_typesupport_c__pyext
[5.012s] [ 91%] Built target yapping__rosidl_typesupport_introspection_c__pyext
[5.024s] [ 91%] Built target yapping__rosidl_typesupport_fastrtps_c__pyext
[7.813s] [ 94%] [32m[1mLinking CXX executable user[0m
[8.184s] [ 94%] Built target user
[8.643s] [ 97%] [32m[1mLinking CXX executable watch[0m
[9.014s] [ 97%] Built target watch
[9.222s] [100%] [32m[1mLinking CXX executable clock[0m
[9.635s] [100%] Built target clock
[9.649s] Invoked command in '/root/ros_ws/CaRSC26-_-THT-_-13524130./src/soal-2and3-coconsept/build/yapping' returned '0': CMAKE_PREFIX_PATH=/opt/ros/humble /usr/bin/cmake --build /root/ros_ws/CaRSC26-_-THT-_-13524130./src/soal-2and3-coconsept/build/yapping -- -j16 -l16
[9.660s] Invoking command in '/root/ros_ws/CaRSC26-_-THT-_-13524130./src/soal-2and3-coconsept/build/yapping': CMAKE_PREFIX_PATH=/opt/ros/humble /usr/bin/cmake --install /root/ros_ws/CaRSC26-_-THT-_-13524130./src/soal-2and3-coconsept/build/yapping
[9.666s] -- Install configuration: ""
[9.667s] -- Execute custom install script
[9.669s] -- Symlinking: /root/ros_ws/CaRSC26-_-THT-_-13524130./src/soal-2and3-coconsept/install/yapping/share/ament_index/resource_index/rosidl_interfaces/yapping
[9.679s] -- Symlinking: /root/ros_ws/CaRSC26-_-THT-_-13524130./src/soal-2and3-coconsept/install/yapping/include/yapping/yapping/msg/rosidl_generator_c__visibility_control.h
[9.688s] -- Symlinking: /root/ros_ws/CaRSC26-_-THT-_-13524130./src/soal-2and3-coconsept/install/yapping/include/yapping/yapping/srv/detail/duration__functions.h
[9.696s] -- Symlinking: /root/ros_ws/CaRSC26-_-THT-_-13524130./src/soal-2and3-coconsept/install/yapping/include/yapping/yapping/srv/detail/duration__struct.h
[9.704s] -- Symlinking: /root/ros_ws/CaRSC26-_-THT-_-13524130./src/soal-2and3-coconsept/install/yapping/include/yapping/yapping/srv/detail/duration__type_support.h
[9.716s] -- Symlinking: /root/ros_ws/CaRSC26-_-THT-_-13524130./src/soal-2and3-coconsept/install/yapping/include/yapping/yapping/srv/duration.h
[9.727s] -- Symlinking: /root/ros_ws/CaRSC26-_-THT-_-13524130./src/soal-2and3-coconsept/install/yapping/share/yapping/environment/library_path.sh
[9.734s] -- Symlinking: /root/ros_ws/CaRSC26-_-THT-_-13524130./src/soal-2and3-coconsept/install/yapping/share/yapping/environment/library_path.dsv
[9.744s] -- Symlinking: /root/ros_ws/CaRSC26-_-THT-_-13524130./src/soal-2and3-coconsept/install/yapping/include/yapping/yapping/msg/rosidl_typesupport_fastrtps_c__visibility_control.h
[9.750s] -- Symlinking: /root/ros_ws/CaRSC26-_-THT-_-13524130./src/soal-2and3-coconsept/install/yapping/include/yapping/yapping/srv/detail/duration__rosidl_typesupport_fastrtps_c.h
[9.759s] -- Symlinking: /root/ros_ws/CaRSC26-_-THT-_-13524130./src/soal-2and3-coconsept/install/yapping/include/yapping/yapping/msg/rosidl_generator_cpp__visibility_control.hpp
[9.766s] -- Symlinking: /root/ros_ws/CaRSC26-_-THT-_-13524130./src/soal-2and3-coconsept/install/yapping/include/yapping/yapping/srv/detail/duration__builder.hpp
[9.773s] -- Symlinking: /root/ros_ws/CaRSC26-_-THT-_-13524130./src/soal-2and3-coconsept/install/yapping/include/yapping/yapping/srv/detail/duration__struct.hpp
[9.781s] -- Symlinking: /root/ros_ws/CaRSC26-_-THT-_-13524130./src/soal-2and3-coconsept/install/yapping/include/yapping/yapping/srv/detail/duration__traits.hpp
[9.788s] -- Symlinking: /root/ros_ws/CaRSC26-_-THT-_-13524130./src/soal-2and3-coconsept/install/yapping/include/yapping/yapping/srv/detail/duration__type_support.hpp
[9.797s] -- Symlinking: /root/ros_ws/CaRSC26-_-THT-_-13524130./src/soal-2and3-coconsept/install/yapping/include/yapping/yapping/srv/duration.hpp
[9.804s] -- Symlinking: /root/ros_ws/CaRSC26-_-THT-_-13524130./src/soal-2and3-coconsept/install/yapping/include/yapping/yapping/msg/rosidl_typesupport_fastrtps_cpp__visibility_control.h
[9.810s] -- Symlinking: /root/ros_ws/CaRSC26-_-THT-_-13524130./src/soal-2and3-coconsept/install/yapping/include/yapping/yapping/srv/detail/duration__rosidl_typesupport_fastrtps_cpp.hpp
[9.820s] -- Symlinking: /root/ros_ws/CaRSC26-_-THT-_-13524130./src/soal-2and3-coconsept/install/yapping/include/yapping/yapping/msg/rosidl_typesupport_introspection_c__visibility_control.h
[9.828s] -- Symlinking: /root/ros_ws/CaRSC26-_-THT-_-13524130./src/soal-2and3-coconsept/install/yapping/include/yapping/yapping/srv/detail/duration__rosidl_typesupport_introspection_c.h
[9.838s] -- Symlinking: /root/ros_ws/CaRSC26-_-THT-_-13524130./src/soal-2and3-coconsept/install/yapping/include/yapping/yapping/srv/detail/duration__rosidl_typesupport_introspection_cpp.hpp
[9.845s] -- Symlinking: /root/ros_ws/CaRSC26-_-THT-_-13524130./src/soal-2and3-coconsept/install/yapping/share/yapping/environment/pythonpath.sh
[9.852s] -- Symlinking: /root/ros_ws/CaRSC26-_-THT-_-13524130./src/soal-2and3-coconsept/install/yapping/share/yapping/environment/pythonpath.dsv
[9.861s] -- Symlinking: /root/ros_ws/CaRSC26-_-THT-_-13524130./src/soal-2and3-coconsept/install/yapping/local/lib/python3.10/dist-packages/yapping-0.0.1-py3.10.egg-info/PKG-INFO
[9.868s] -- Symlinking: /root/ros_ws/CaRSC26-_-THT-_-13524130./src/soal-2and3-coconsept/install/yapping/local/lib/python3.10/dist-packages/yapping-0.0.1-py3.10.egg-info/SOURCES.txt
[9.877s] -- Symlinking: /root/ros_ws/CaRSC26-_-THT-_-13524130./src/soal-2and3-coconsept/install/yapping/local/lib/python3.10/dist-packages/yapping-0.0.1-py3.10.egg-info/dependency_links.txt
[9.884s] -- Symlinking: /root/ros_ws/CaRSC26-_-THT-_-13524130./src/soal-2and3-coconsept/install/yapping/local/lib/python3.10/dist-packages/yapping-0.0.1-py3.10.egg-info/top_level.txt
[9.894s] -- Symlinking: /root/ros_ws/CaRSC26-_-THT-_-13524130./src/soal-2and3-coconsept/install/yapping/local/lib/python3.10/dist-packages/yapping/__init__.py
[9.902s] -- Symlinking: /root/ros_ws/CaRSC26-_-THT-_-13524130./src/soal-2and3-coconsept/install/yapping/local/lib/python3.10/dist-packages/yapping/_yapping_s.ep.rosidl_typesupport_c.c
[9.909s] -- Symlinking: /root/ros_ws/CaRSC26-_-THT-_-13524130./src/soal-2and3-coconsept/install/yapping/local/lib/python3.10/dist-packages/yapping/_yapping_s.ep.rosidl_typesupport_fastrtps_c.c
[9.921s] -- Symlinking: /root/ros_ws/CaRSC26-_-THT-_-13524130./src/soal-2and3-coconsept/install/yapping/local/lib/python3.10/dist-packages/yapping/_yapping_s.ep.rosidl_typesupport_introspection_c.c
[9.933s] -- Symlinking: /root/ros_ws/CaRSC26-_-THT-_-13524130./src/soal-2and3-coconsept/install/yapping/local/lib/python3.10/dist-packages/yapping/libyapping__rosidl_generator_py.so
[9.941s] -- Symlinking: /root/ros_ws/CaRSC26-_-THT-_-13524130./src/soal-2and3-coconsept/install/yapping/local/lib/python3.10/dist-packages/yapping/srv/__init__.py
[9.950s] -- Symlinking: /root/ros_ws/CaRSC26-_-THT-_-13524130./src/soal-2and3-coconsept/install/yapping/local/lib/python3.10/dist-packages/yapping/srv/_duration.py
[9.959s] -- Symlinking: /root/ros_ws/CaRSC26-_-THT-_-13524130./src/soal-2and3-coconsept/install/yapping/local/lib/python3.10/dist-packages/yapping/srv/_duration_s.c
[9.966s] -- Symlinking: /root/ros_ws/CaRSC26-_-THT-_-13524130./src/soal-2and3-coconsept/install/yapping/local/lib/python3.10/dist-packages/yapping/yapping_s__rosidl_typesupport_c.cpython-310-x86_64-linux-gnu.so
[9.976s] -- Symlinking: /root/ros_ws/CaRSC26-_-THT-_-13524130./src/soal-2and3-coconsept/install/yapping/local/lib/python3.10/dist-packages/yapping/yapping_s__rosidl_typesupport_fastrtps_c.cpython-310-x86_64-linux-gnu.so
[9.984s] -- Symlinking: /root/ros_ws/CaRSC26-_-THT-_-13524130./src/soal-2and3-coconsept/install/yapping/local/lib/python3.10/dist-packages/yapping/yapping_s__rosidl_typesupport_introspection_c.cpython-310-x86_64-linux-gnu.so
[9.993s] -- Up-to-date symlink: /root/ros_ws/CaRSC26-_-THT-_-13524130./src/soal-2and3-coconsept/install/yapping/local/lib/python3.10/dist-packages/yapping/yapping_s__rosidl_typesupport_fastrtps_c.cpython-310-x86_64-linux-gnu.so
[9.994s] -- Up-to-date symlink: /root/ros_ws/CaRSC26-_-THT-_-13524130./src/soal-2and3-coconsept/install/yapping/local/lib/python3.10/dist-packages/yapping/yapping_s__rosidl_typesupport_introspection_c.cpython-310-x86_64-linux-gnu.so
[9.995s] -- Up-to-date symlink: /root/ros_ws/CaRSC26-_-THT-_-13524130./src/soal-2and3-coconsept/install/yapping/local/lib/python3.10/dist-packages/yapping/yapping_s__rosidl_typesupport_c.cpython-310-x86_64-linux-gnu.so
[9.996s] -- Symlinking: /root/ros_ws/CaRSC26-_-THT-_-13524130./src/soal-2and3-coconsept/install/yapping/share/yapping/srv/Duration.idl
[10.003s] -- Symlinking: /root/ros_ws/CaRSC26-_-THT-_-13524130./src/soal-2and3-coconsept/install/yapping/share/yapping/srv/Duration.srv
[10.014s] -- Symlinking: /root/ros_ws/CaRSC26-_-THT-_-13524130./src/soal-2and3-coconsept/install/yapping/share/yapping/srv/Duration_Request.msg
[10.025s] -- Symlinking: /root/ros_ws/CaRSC26-_-THT-_-13524130./src/soal-2and3-coconsept/install/yapping/share/yapping/srv/Duration_Response.msg
[10.035s] -- Symlinking: /root/ros_ws/CaRSC26-_-THT-_-13524130./src/soal-2and3-coconsept/install/yapping/lib/yapping/clock
[10.042s] -- Symlinking: /root/ros_ws/CaRSC26-_-THT-_-13524130./src/soal-2and3-coconsept/install/yapping/lib/yapping/user
[10.051s] -- Symlinking: /root/ros_ws/CaRSC26-_-THT-_-13524130./src/soal-2and3-coconsept/install/yapping/lib/yapping/watch
[10.059s] -- Symlinking: /root/ros_ws/CaRSC26-_-THT-_-13524130./src/soal-2and3-coconsept/install/yapping/share/ament_index/resource_index/package_run_dependencies/yapping
[10.068s] -- Symlinking: /root/ros_ws/CaRSC26-_-THT-_-13524130./src/soal-2and3-coconsept/install/yapping/share/ament_index/resource_index/parent_prefix_path/yapping
[10.076s] -- Symlinking: /root/ros_ws/CaRSC26-_-THT-_-13524130./src/soal-2and3-coconsept/install/yapping/share/yapping/environment/ament_prefix_path.sh
[10.084s] -- Symlinking: /root/ros_ws/CaRSC26-_-THT-_-13524130./src/soal-2and3-coconsept/install/yapping/share/yapping/environment/ament_prefix_path.dsv
[10.092s] -- Symlinking: /root/ros_ws/CaRSC26-_-THT-_-13524130./src/soal-2and3-coconsept/install/yapping/share/yapping/environment/path.sh
[10.101s] -- Symlinking: /root/ros_ws/CaRSC26-_-THT-_-13524130./src/soal-2and3-coconsept/install/yapping/share/yapping/environment/path.dsv
[10.109s] -- Symlinking: /root/ros_ws/CaRSC26-_-THT-_-13524130./src/soal-2and3-coconsept/install/yapping/share/yapping/local_setup.bash
[10.123s] -- Symlinking: /root/ros_ws/CaRSC26-_-THT-_-13524130./src/soal-2and3-coconsept/install/yapping/share/yapping/local_setup.sh
[10.133s] -- Symlinking: /root/ros_ws/CaRSC26-_-THT-_-13524130./src/soal-2and3-coconsept/install/yapping/share/yapping/local_setup.zsh
[10.141s] -- Symlinking: /root/ros_ws/CaRSC26-_-THT-_-13524130./src/soal-2and3-coconsept/install/yapping/share/yapping/local_setup.dsv
[10.149s] -- Symlinking: /root/ros_ws/CaRSC26-_-THT-_-13524130./src/soal-2and3-coconsept/install/yapping/share/yapping/package.dsv
[10.158s] -- Symlinking: /root/ros_ws/CaRSC26-_-THT-_-13524130./src/soal-2and3-coconsept/install/yapping/share/ament_index/resource_index/packages/yapping
[10.167s] -- Symlinking: /root/ros_ws/CaRSC26-_-THT-_-13524130./src/soal-2and3-coconsept/install/yapping/share/yapping/cmake/rosidl_cmake-extras.cmake
[10.174s] -- Symlinking: /root/ros_ws/CaRSC26-_-THT-_-13524130./src/soal-2and3-coconsept/install/yapping/share/yapping/cmake/ament_cmake_export_dependencies-extras.cmake
[10.182s] -- Symlinking: /root/ros_ws/CaRSC26-_-THT-_-13524130./src/soal-2and3-coconsept/install/yapping/share/yapping/cmake/ament_cmake_export_include_directories-extras.cmake
[10.191s] -- Symlinking: /root/ros_ws/CaRSC26-_-THT-_-13524130./src/soal-2and3-coconsept/install/yapping/share/yapping/cmake/ament_cmake_export_libraries-extras.cmake
[10.203s] -- Symlinking: /root/ros_ws/CaRSC26-_-THT-_-13524130./src/soal-2and3-coconsept/install/yapping/share/yapping/cmake/ament_cmake_export_targets-extras.cmake
[10.211s] -- Symlinking: /root/ros_ws/CaRSC26-_-THT-_-13524130./src/soal-2and3-coconsept/install/yapping/share/yapping/cmake/rosidl_cmake_export_typesupport_targets-extras.cmake
[10.221s] -- Symlinking: /root/ros_ws/CaRSC26-_-THT-_-13524130./src/soal-2and3-coconsept/install/yapping/share/yapping/cmake/rosidl_cmake_export_typesupport_libraries-extras.cmake
[10.235s] -- Symlinking: /root/ros_ws/CaRSC26-_-THT-_-13524130./src/soal-2and3-coconsept/install/yapping/share/yapping/cmake/yappingConfig.cmake
[10.243s] -- Symlinking: /root/ros_ws/CaRSC26-_-THT-_-13524130./src/soal-2and3-coconsept/install/yapping/share/yapping/cmake/yappingConfig-version.cmake
[10.252s] -- Symlinking: /root/ros_ws/CaRSC26-_-THT-_-13524130./src/soal-2and3-coconsept/install/yapping/share/yapping/package.xml
[10.260s] -- Installing: /root/ros_ws/CaRSC26-_-THT-_-13524130./src/soal-2and3-coconsept/install/yapping/lib/libyapping__rosidl_generator_c.so
[10.262s] -- Set runtime path of "/root/ros_ws/CaRSC26-_-THT-_-13524130./src/soal-2and3-coconsept/install/yapping/lib/libyapping__rosidl_generator_c.so" to ""
[10.263s] -- Installing: /root/ros_ws/CaRSC26-_-THT-_-13524130./src/soal-2and3-coconsept/install/yapping/lib/libyapping__rosidl_typesupport_fastrtps_c.so
[10.265s] -- Set runtime path of "/root/ros_ws/CaRSC26-_-THT-_-13524130./src/soal-2and3-coconsept/install/yapping/lib/libyapping__rosidl_typesupport_fastrtps_c.so" to ""
[10.265s] -- Installing: /root/ros_ws/CaRSC26-_-THT-_-13524130./src/soal-2and3-coconsept/install/yapping/lib/libyapping__rosidl_typesupport_fastrtps_cpp.so
[10.268s] -- Set runtime path of "/root/ros_ws/CaRSC26-_-THT-_-13524130./src/soal-2and3-coconsept/install/yapping/lib/libyapping__rosidl_typesupport_fastrtps_cpp.so" to ""
[10.269s] -- Installing: /root/ros_ws/CaRSC26-_-THT-_-13524130./src/soal-2and3-coconsept/install/yapping/lib/libyapping__rosidl_typesupport_introspection_c.so
[10.271s] -- Set runtime path of "/root/ros_ws/CaRSC26-_-THT-_-13524130./src/soal-2and3-coconsept/install/yapping/lib/libyapping__rosidl_typesupport_introspection_c.so" to ""
[10.271s] -- Installing: /root/ros_ws/CaRSC26-_-THT-_-13524130./src/soal-2and3-coconsept/install/yapping/lib/libyapping__rosidl_typesupport_c.so
[10.273s] -- Set runtime path of "/root/ros_ws/CaRSC26-_-THT-_-13524130./src/soal-2and3-coconsept/install/yapping/lib/libyapping__rosidl_typesupport_c.so" to ""
[10.274s] -- Installing: /root/ros_ws/CaRSC26-_-THT-_-13524130./src/soal-2and3-coconsept/install/yapping/lib/libyapping__rosidl_typesupport_introspection_cpp.so
[10.276s] -- Set runtime path of "/root/ros_ws/CaRSC26-_-THT-_-13524130./src/soal-2and3-coconsept/install/yapping/lib/libyapping__rosidl_typesupport_introspection_cpp.so" to ""
[10.276s] -- Installing: /root/ros_ws/CaRSC26-_-THT-_-13524130./src/soal-2and3-coconsept/install/yapping/lib/libyapping__rosidl_typesupport_cpp.so
[10.279s] -- Set runtime path of "/root/ros_ws/CaRSC26-_-THT-_-13524130./src/soal-2and3-coconsept/install/yapping/lib/libyapping__rosidl_typesupport_cpp.so" to ""
[10.322s] Listing '/root/ros_ws/CaRSC26-_-THT-_-13524130./src/soal-2and3-coconsept/install/yapping/local/lib/python3.10/dist-packages/yapping'...
[10.322s] Compiling '/root/ros_ws/CaRSC26-_-THT-_-13524130./src/soal-2and3-coconsept/install/yapping/local/lib/python3.10/dist-packages/yapping/__init__.py'...
[10.323s] Listing '/root/ros_ws/CaRSC26-_-THT-_-13524130./src/soal-2and3-coconsept/install/yapping/local/lib/python3.10/dist-packages/yapping/srv'...
[10.323s] Compiling '/root/ros_ws/CaRSC26-_-THT-_-13524130./src/soal-2and3-coconsept/install/yapping/local/lib/python3.10/dist-packages/yapping/srv/__init__.py'...
[10.324s] Compiling '/root/ros_ws/CaRSC26-_-THT-_-13524130./src/soal-2and3-coconsept/install/yapping/local/lib/python3.10/dist-packages/yapping/srv/_duration.py'...
[10.328s] -- Installing: /root/ros_ws/CaRSC26-_-THT-_-13524130./src/soal-2and3-coconsept/install/yapping/lib/libyapping__rosidl_generator_py.so
[10.331s] -- Set runtime path of "/root/ros_ws/CaRSC26-_-THT-_-13524130./src/soal-2and3-coconsept/install/yapping/lib/libyapping__rosidl_generator_py.so" to ""
[10.331s] -- Installing: /root/ros_ws/CaRSC26-_-THT-_-13524130./src/soal-2and3-coconsept/install/yapping/share/yapping/cmake/export_yapping__rosidl_generator_cExport.cmake
[10.332s] -- Installing: /root/ros_ws/CaRSC26-_-THT-_-13524130./src/soal-2and3-coconsept/install/yapping/share/yapping/cmake/export_yapping__rosidl_generator_cExport-noconfig.cmake
[10.333s] -- Installing: /root/ros_ws/CaRSC26-_-THT-_-13524130./src/soal-2and3-coconsept/install/yapping/share/yapping/cmake/export_yapping__rosidl_typesupport_fastrtps_cExport.cmake
[10.335s] -- Installing: /root/ros_ws/CaRSC26-_-THT-_-13524130./src/soal-2and3-coconsept/install/yapping/share/yapping/cmake/export_yapping__rosidl_typesupport_fastrtps_cExport-noconfig.cmake
[10.336s] -- Installing: /root/ros_ws/CaRSC26-_-THT-_-13524130./src/soal-2and3-coconsept/install/yapping/share/yapping/cmake/export_yapping__rosidl_generator_cppExport.cmake
[10.337s] -- Installing: /root/ros_ws/CaRSC26-_-THT-_-13524130./src/soal-2and3-coconsept/install/yapping/share/yapping/cmake/export_yapping__rosidl_typesupport_fastrtps_cppExport.cmake
[10.338s] -- Installing: /root/ros_ws/CaRSC26-_-THT-_-13524130./src/soal-2and3-coconsept/install/yapping/share/yapping/cmake/export_yapping__rosidl_typesupport_fastrtps_cppExport-noconfig.cmake
[10.339s] -- Installing: /root/ros_ws/CaRSC26-_-THT-_-13524130./src/soal-2and3-coconsept/install/yapping/share/yapping/cmake/yapping__rosidl_typesupport_introspection_cExport.cmake
[10.340s] -- Installing: /root/ros_ws/CaRSC26-_-THT-_-13524130./src/soal-2and3-coconsept/install/yapping/share/yapping/cmake/yapping__rosidl_typesupport_introspection_cExport-noconfig.cmake
[10.341s] -- Installing: /root/ros_ws/CaRSC26-_-THT-_-13524130./src/soal-2and3-coconsept/install/yapping/share/yapping/cmake/yapping__rosidl_typesupport_cExport.cmake
[10.343s] -- Installing: /root/ros_ws/CaRSC26-_-THT-_-13524130./src/soal-2and3-coconsept/install/yapping/share/yapping/cmake/yapping__rosidl_typesupport_cExport-noconfig.cmake
[10.344s] -- Installing: /root/ros_ws/CaRSC26-_-THT-_-13524130./src/soal-2and3-coconsept/install/yapping/share/yapping/cmake/yapping__rosidl_typesupport_introspection_cppExport.cmake
[10.345s] -- Installing: /root/ros_ws/CaRSC26-_-THT-_-13524130./src/soal-2and3-coconsept/install/yapping/share/yapping/cmake/yapping__rosidl_typesupport_introspection_cppExport-noconfig.cmake
[10.347s] -- Installing: /root/ros_ws/CaRSC26-_-THT-_-13524130./src/soal-2and3-coconsept/install/yapping/share/yapping/cmake/yapping__rosidl_typesupport_cppExport.cmake
[10.348s] -- Installing: /root/ros_ws/CaRSC26-_-THT-_-13524130./src/soal-2and3-coconsept/install/yapping/share/yapping/cmake/yapping__rosidl_typesupport_cppExport-noconfig.cmake
[10.349s] -- Installing: /root/ros_ws/CaRSC26-_-THT-_-13524130./src/soal-2and3-coconsept/install/yapping/share/yapping/cmake/export_yapping__rosidl_generator_pyExport.cmake
[10.350s] -- Installing: /root/ros_ws/CaRSC26-_-THT-_-13524130./src/soal-2and3-coconsept/install/yapping/share/yapping/cmake/export_yapping__rosidl_generator_pyExport-noconfig.cmake
[10.356s] Invoked command in '/root/ros_ws/CaRSC26-_-THT-_-13524130./src/soal-2and3-coconsept/build/yapping' returned '0': CMAKE_PREFIX_PATH=/opt/ros/humble /usr/bin/cmake --install /root/ros_ws/CaRSC26-_-THT-_-13524130./src/soal-2and3-coconsept/build/yapping
