[0.089s] DEBUG:colcon:Command line arguments: ['/usr/bin/colcon', 'build', '--symlink-install']
[0.089s] DEBUG:colcon:Parsed command line arguments: Namespace(log_base=None, log_level=None, verb_name='build', build_base='build', install_base='install', merge_install=False, symlink_install=True, test_result_base=None, continue_on_error=False, executor='parallel', parallel_workers=16, event_handlers=None, ignore_user_meta=False, metas=['./colcon.meta'], base_paths=['.'], packages_ignore=None, packages_ignore_regex=None, paths=None, packages_up_to=None, packages_up_to_regex=None, packages_above=None, packages_above_and_dependencies=None, packages_above_depth=None, packages_select_by_dep=None, packages_skip_by_dep=None, packages_skip_up_to=None, packages_select_build_failed=False, packages_skip_build_finished=False, packages_select_test_failures=False, packages_skip_test_passed=False, packages_select=None, packages_skip=None, packages_select_regex=None, packages_skip_regex=None, packages_start=None, packages_end=None, cmake_args=None, cmake_target=None, cmake_target_skip_unavailable=False, cmake_clean_cache=False, cmake_clean_first=False, cmake_force_configure=False, ament_cmake_args=None, catkin_cmake_args=None, catkin_skip_building_tests=False, mixin_files=None, mixin=None, verb_parser=<colcon_mixin.mixin.mixin_argument.MixinArgumentDecorator object at 0x7f4511ddaad0>, verb_extension=<colcon_core.verb.build.BuildVerb object at 0x7f4511dda530>, main=<bound method BuildVerb.main of <colcon_core.verb.build.BuildVerb object at 0x7f4511dda530>>, mixin_verb=('build',))
[0.157s] Level 1:colcon.colcon_core.package_discovery:discover_packages(colcon_meta) check parameters
[0.158s] INFO:colcon.colcon_metadata.package_discovery.colcon_meta:Using configuration from '/root/.colcon/metadata/default/Gazebo.meta'
[0.158s] INFO:colcon.colcon_metadata.package_discovery.colcon_meta:Using configuration from '/root/.colcon/metadata/default/fastdds.meta'
[0.159s] INFO:colcon.colcon_metadata.package_discovery.colcon_meta:Using configuration from '/root/.colcon/metadata/default/fastrtps.meta'
[0.159s] Level 1:colcon.colcon_core.package_discovery:discover_packages(recursive) check parameters
[0.159s] Level 1:colcon.colcon_core.package_discovery:discover_packages(ignore) check parameters
[0.159s] Level 1:colcon.colcon_core.package_discovery:discover_packages(path) check parameters
[0.160s] Level 1:colcon.colcon_core.package_discovery:discover_packages(colcon_meta) discover
[0.160s] Level 1:colcon.colcon_core.package_discovery:discover_packages(recursive) discover
[0.160s] INFO:colcon.colcon_core.package_discovery:Crawling recursively for packages in '/root/ros_ws/CaRSC26-_-THT-_-13524130.'
[0.160s] Level 1:colcon.colcon_core.package_identification:_identify(.) by extensions ['ignore', 'ignore_ament_install']
[0.160s] Level 1:colcon.colcon_core.package_identification:_identify(.) by extension 'ignore'
[0.160s] Level 1:colcon.colcon_core.package_identification:_identify(.) by extension 'ignore_ament_install'
[0.160s] Level 1:colcon.colcon_core.package_identification:_identify(.) by extensions ['colcon_pkg']
[0.160s] Level 1:colcon.colcon_core.package_identification:_identify(.) by extension 'colcon_pkg'
[0.161s] Level 1:colcon.colcon_core.package_identification:_identify(.) by extensions ['colcon_meta']
[0.161s] Level 1:colcon.colcon_core.package_identification:_identify(.) by extension 'colcon_meta'
[0.161s] Level 1:colcon.colcon_core.package_identification:_identify(.) by extensions ['ros']
[0.161s] Level 1:colcon.colcon_core.package_identification:_identify(.) by extension 'ros'
[0.170s] Level 1:colcon.colcon_core.package_identification:_identify(.) by extensions ['cmake', 'python']
[0.170s] Level 1:colcon.colcon_core.package_identification:_identify(.) by extension 'cmake'
[0.170s] Level 1:colcon.colcon_core.package_identification:_identify(.) by extension 'python'
[0.170s] Level 1:colcon.colcon_core.package_identification:_identify(.) by extensions ['python_setup_py']
[0.171s] Level 1:colcon.colcon_core.package_identification:_identify(.) by extension 'python_setup_py'
[0.171s] Level 1:colcon.colcon_core.package_identification:_identify(assets) by extensions ['ignore', 'ignore_ament_install']
[0.171s] Level 1:colcon.colcon_core.package_identification:_identify(assets) by extension 'ignore'
[0.171s] Level 1:colcon.colcon_core.package_identification:_identify(assets) by extension 'ignore_ament_install'
[0.171s] Level 1:colcon.colcon_core.package_identification:_identify(assets) by extensions ['colcon_pkg']
[0.171s] Level 1:colcon.colcon_core.package_identification:_identify(assets) by extension 'colcon_pkg'
[0.171s] Level 1:colcon.colcon_core.package_identification:_identify(assets) by extensions ['colcon_meta']
[0.171s] Level 1:colcon.colcon_core.package_identification:_identify(assets) by extension 'colcon_meta'
[0.172s] Level 1:colcon.colcon_core.package_identification:_identify(assets) by extensions ['ros']
[0.172s] Level 1:colcon.colcon_core.package_identification:_identify(assets) by extension 'ros'
[0.172s] Level 1:colcon.colcon_core.package_identification:_identify(assets) by extensions ['cmake', 'python']
[0.172s] Level 1:colcon.colcon_core.package_identification:_identify(assets) by extension 'cmake'
[0.172s] Level 1:colcon.colcon_core.package_identification:_identify(assets) by extension 'python'
[0.172s] Level 1:colcon.colcon_core.package_identification:_identify(assets) by extensions ['python_setup_py']
[0.172s] Level 1:colcon.colcon_core.package_identification:_identify(assets) by extension 'python_setup_py'
[0.172s] Level 1:colcon.colcon_core.package_identification:_identify(build) by extensions ['ignore', 'ignore_ament_install']
[0.173s] Level 1:colcon.colcon_core.package_identification:_identify(build) by extension 'ignore'
[0.173s] Level 1:colcon.colcon_core.package_identification:_identify(build) ignored
[0.173s] Level 1:colcon.colcon_core.package_identification:_identify(docs) by extensions ['ignore', 'ignore_ament_install']
[0.173s] Level 1:colcon.colcon_core.package_identification:_identify(docs) by extension 'ignore'
[0.173s] Level 1:colcon.colcon_core.package_identification:_identify(docs) by extension 'ignore_ament_install'
[0.173s] Level 1:colcon.colcon_core.package_identification:_identify(docs) by extensions ['colcon_pkg']
[0.173s] Level 1:colcon.colcon_core.package_identification:_identify(docs) by extension 'colcon_pkg'
[0.174s] Level 1:colcon.colcon_core.package_identification:_identify(docs) by extensions ['colcon_meta']
[0.174s] Level 1:colcon.colcon_core.package_identification:_identify(docs) by extension 'colcon_meta'
[0.174s] Level 1:colcon.colcon_core.package_identification:_identify(docs) by extensions ['ros']
[0.174s] Level 1:colcon.colcon_core.package_identification:_identify(docs) by extension 'ros'
[0.174s] Level 1:colcon.colcon_core.package_identification:_identify(docs) by extensions ['cmake', 'python']
[0.174s] Level 1:colcon.colcon_core.package_identification:_identify(docs) by extension 'cmake'
[0.174s] Level 1:colcon.colcon_core.package_identification:_identify(docs) by extension 'python'
[0.174s] Level 1:colcon.colcon_core.package_identification:_identify(docs) by extensions ['python_setup_py']
[0.174s] Level 1:colcon.colcon_core.package_identification:_identify(docs) by extension 'python_setup_py'
[0.175s] Level 1:colcon.colcon_core.package_identification:_identify(install) by extensions ['ignore', 'ignore_ament_install']
[0.175s] Level 1:colcon.colcon_core.package_identification:_identify(install) by extension 'ignore'
[0.175s] Level 1:colcon.colcon_core.package_identification:_identify(install) ignored
[0.175s] Level 1:colcon.colcon_core.package_identification:_identify(lampiran) by extensions ['ignore', 'ignore_ament_install']
[0.175s] Level 1:colcon.colcon_core.package_identification:_identify(lampiran) by extension 'ignore'
[0.175s] Level 1:colcon.colcon_core.package_identification:_identify(lampiran) by extension 'ignore_ament_install'
[0.175s] Level 1:colcon.colcon_core.package_identification:_identify(lampiran) by extensions ['colcon_pkg']
[0.175s] Level 1:colcon.colcon_core.package_identification:_identify(lampiran) by extension 'colcon_pkg'
[0.176s] Level 1:colcon.colcon_core.package_identification:_identify(lampiran) by extensions ['colcon_meta']
[0.176s] Level 1:colcon.colcon_core.package_identification:_identify(lampiran) by extension 'colcon_meta'
[0.176s] Level 1:colcon.colcon_core.package_identification:_identify(lampiran) by extensions ['ros']
[0.176s] Level 1:colcon.colcon_core.package_identification:_identify(lampiran) by extension 'ros'
[0.176s] Level 1:colcon.colcon_core.package_identification:_identify(lampiran) by extensions ['cmake', 'python']
[0.176s] Level 1:colcon.colcon_core.package_identification:_identify(lampiran) by extension 'cmake'
[0.176s] Level 1:colcon.colcon_core.package_identification:_identify(lampiran) by extension 'python'
[0.176s] Level 1:colcon.colcon_core.package_identification:_identify(lampiran) by extensions ['python_setup_py']
[0.176s] Level 1:colcon.colcon_core.package_identification:_identify(lampiran) by extension 'python_setup_py'
[0.177s] Level 1:colcon.colcon_core.package_identification:_identify(log) by extensions ['ignore', 'ignore_ament_install']
[0.177s] Level 1:colcon.colcon_core.package_identification:_identify(log) by extension 'ignore'
[0.177s] Level 1:colcon.colcon_core.package_identification:_identify(log) ignored
[0.177s] Level 1:colcon.colcon_core.package_identification:_identify(src) by extensions ['ignore', 'ignore_ament_install']
[0.177s] Level 1:colcon.colcon_core.package_identification:_identify(src) by extension 'ignore'
[0.177s] Level 1:colcon.colcon_core.package_identification:_identify(src) by extension 'ignore_ament_install'
[0.177s] Level 1:colcon.colcon_core.package_identification:_identify(src) by extensions ['colcon_pkg']
[0.177s] Level 1:colcon.colcon_core.package_identification:_identify(src) by extension 'colcon_pkg'
[0.177s] Level 1:colcon.colcon_core.package_identification:_identify(src) by extensions ['colcon_meta']
[0.178s] Level 1:colcon.colcon_core.package_identification:_identify(src) by extension 'colcon_meta'
[0.178s] Level 1:colcon.colcon_core.package_identification:_identify(src) by extensions ['ros']
[0.178s] Level 1:colcon.colcon_core.package_identification:_identify(src) by extension 'ros'
[0.178s] Level 1:colcon.colcon_core.package_identification:_identify(src) by extensions ['cmake', 'python']
[0.178s] Level 1:colcon.colcon_core.package_identification:_identify(src) by extension 'cmake'
[0.178s] Level 1:colcon.colcon_core.package_identification:_identify(src) by extension 'python'
[0.178s] Level 1:colcon.colcon_core.package_identification:_identify(src) by extensions ['python_setup_py']
[0.178s] Level 1:colcon.colcon_core.package_identification:_identify(src) by extension 'python_setup_py'
[0.178s] Level 1:colcon.colcon_core.package_identification:_identify(src/soal-1) by extensions ['ignore', 'ignore_ament_install']
[0.179s] Level 1:colcon.colcon_core.package_identification:_identify(src/soal-1) by extension 'ignore'
[0.179s] Level 1:colcon.colcon_core.package_identification:_identify(src/soal-1) by extension 'ignore_ament_install'
[0.179s] Level 1:colcon.colcon_core.package_identification:_identify(src/soal-1) by extensions ['colcon_pkg']
[0.179s] Level 1:colcon.colcon_core.package_identification:_identify(src/soal-1) by extension 'colcon_pkg'
[0.179s] Level 1:colcon.colcon_core.package_identification:_identify(src/soal-1) by extensions ['colcon_meta']
[0.179s] Level 1:colcon.colcon_core.package_identification:_identify(src/soal-1) by extension 'colcon_meta'
[0.179s] Level 1:colcon.colcon_core.package_identification:_identify(src/soal-1) by extensions ['ros']
[0.179s] Level 1:colcon.colcon_core.package_identification:_identify(src/soal-1) by extension 'ros'
[0.179s] Level 1:colcon.colcon_core.package_identification:_identify(src/soal-1) by extensions ['cmake', 'python']
[0.179s] Level 1:colcon.colcon_core.package_identification:_identify(src/soal-1) by extension 'cmake'
[0.180s] Level 1:colcon.colcon_core.package_identification:_identify(src/soal-1) by extension 'python'
[0.180s] Level 1:colcon.colcon_core.package_identification:_identify(src/soal-1) by extensions ['python_setup_py']
[0.180s] Level 1:colcon.colcon_core.package_identification:_identify(src/soal-1) by extension 'python_setup_py'
[0.180s] Level 1:colcon.colcon_core.package_identification:_identify(src/soal-2) by extensions ['ignore', 'ignore_ament_install']
[0.180s] Level 1:colcon.colcon_core.package_identification:_identify(src/soal-2) by extension 'ignore'
[0.180s] Level 1:colcon.colcon_core.package_identification:_identify(src/soal-2) by extension 'ignore_ament_install'
[0.180s] Level 1:colcon.colcon_core.package_identification:_identify(src/soal-2) by extensions ['colcon_pkg']
[0.180s] Level 1:colcon.colcon_core.package_identification:_identify(src/soal-2) by extension 'colcon_pkg'
[0.180s] Level 1:colcon.colcon_core.package_identification:_identify(src/soal-2) by extensions ['colcon_meta']
[0.181s] Level 1:colcon.colcon_core.package_identification:_identify(src/soal-2) by extension 'colcon_meta'
[0.181s] Level 1:colcon.colcon_core.package_identification:_identify(src/soal-2) by extensions ['ros']
[0.181s] Level 1:colcon.colcon_core.package_identification:_identify(src/soal-2) by extension 'ros'
[0.181s] Level 1:colcon.colcon_core.package_identification:_identify(src/soal-2) by extensions ['cmake', 'python']
[0.181s] Level 1:colcon.colcon_core.package_identification:_identify(src/soal-2) by extension 'cmake'
[0.181s] Level 1:colcon.colcon_core.package_identification:_identify(src/soal-2) by extension 'python'
[0.181s] Level 1:colcon.colcon_core.package_identification:_identify(src/soal-2) by extensions ['python_setup_py']
[0.181s] Level 1:colcon.colcon_core.package_identification:_identify(src/soal-2) by extension 'python_setup_py'
[0.181s] Level 1:colcon.colcon_core.package_identification:_identify(src/soal-3) by extensions ['ignore', 'ignore_ament_install']
[0.181s] Level 1:colcon.colcon_core.package_identification:_identify(src/soal-3) by extension 'ignore'
[0.181s] Level 1:colcon.colcon_core.package_identification:_identify(src/soal-3) by extension 'ignore_ament_install'
[0.182s] Level 1:colcon.colcon_core.package_identification:_identify(src/soal-3) by extensions ['colcon_pkg']
[0.182s] Level 1:colcon.colcon_core.package_identification:_identify(src/soal-3) by extension 'colcon_pkg'
[0.182s] Level 1:colcon.colcon_core.package_identification:_identify(src/soal-3) by extensions ['colcon_meta']
[0.182s] Level 1:colcon.colcon_core.package_identification:_identify(src/soal-3) by extension 'colcon_meta'
[0.182s] Level 1:colcon.colcon_core.package_identification:_identify(src/soal-3) by extensions ['ros']
[0.182s] Level 1:colcon.colcon_core.package_identification:_identify(src/soal-3) by extension 'ros'
[0.182s] Level 1:colcon.colcon_core.package_identification:_identify(src/soal-3) by extensions ['cmake', 'python']
[0.182s] Level 1:colcon.colcon_core.package_identification:_identify(src/soal-3) by extension 'cmake'
[0.182s] Level 1:colcon.colcon_core.package_identification:_identify(src/soal-3) by extension 'python'
[0.182s] Level 1:colcon.colcon_core.package_identification:_identify(src/soal-3) by extensions ['python_setup_py']
[0.182s] Level 1:colcon.colcon_core.package_identification:_identify(src/soal-3) by extension 'python_setup_py'
[0.183s] Level 1:colcon.colcon_core.package_identification:_identify(src/soal-3-coconsept) by extensions ['ignore', 'ignore_ament_install']
[0.183s] Level 1:colcon.colcon_core.package_identification:_identify(src/soal-3-coconsept) by extension 'ignore'
[0.183s] Level 1:colcon.colcon_core.package_identification:_identify(src/soal-3-coconsept) by extension 'ignore_ament_install'
[0.183s] Level 1:colcon.colcon_core.package_identification:_identify(src/soal-3-coconsept) by extensions ['colcon_pkg']
[0.183s] Level 1:colcon.colcon_core.package_identification:_identify(src/soal-3-coconsept) by extension 'colcon_pkg'
[0.183s] Level 1:colcon.colcon_core.package_identification:_identify(src/soal-3-coconsept) by extensions ['colcon_meta']
[0.183s] Level 1:colcon.colcon_core.package_identification:_identify(src/soal-3-coconsept) by extension 'colcon_meta'
[0.183s] Level 1:colcon.colcon_core.package_identification:_identify(src/soal-3-coconsept) by extensions ['ros']
[0.183s] Level 1:colcon.colcon_core.package_identification:_identify(src/soal-3-coconsept) by extension 'ros'
[0.183s] Level 1:colcon.colcon_core.package_identification:_identify(src/soal-3-coconsept) by extensions ['cmake', 'python']
[0.184s] Level 1:colcon.colcon_core.package_identification:_identify(src/soal-3-coconsept) by extension 'cmake'
[0.184s] Level 1:colcon.colcon_core.package_identification:_identify(src/soal-3-coconsept) by extension 'python'
[0.184s] Level 1:colcon.colcon_core.package_identification:_identify(src/soal-3-coconsept) by extensions ['python_setup_py']
[0.184s] Level 1:colcon.colcon_core.package_identification:_identify(src/soal-3-coconsept) by extension 'python_setup_py'
[0.184s] Level 1:colcon.colcon_core.package_identification:_identify(src/soal-3-coconsept/src) by extensions ['ignore', 'ignore_ament_install']
[0.184s] Level 1:colcon.colcon_core.package_identification:_identify(src/soal-3-coconsept/src) by extension 'ignore'
[0.184s] Level 1:colcon.colcon_core.package_identification:_identify(src/soal-3-coconsept/src) by extension 'ignore_ament_install'
[0.184s] Level 1:colcon.colcon_core.package_identification:_identify(src/soal-3-coconsept/src) by extensions ['colcon_pkg']
[0.184s] Level 1:colcon.colcon_core.package_identification:_identify(src/soal-3-coconsept/src) by extension 'colcon_pkg'
[0.184s] Level 1:colcon.colcon_core.package_identification:_identify(src/soal-3-coconsept/src) by extensions ['colcon_meta']
[0.184s] Level 1:colcon.colcon_core.package_identification:_identify(src/soal-3-coconsept/src) by extension 'colcon_meta'
[0.184s] Level 1:colcon.colcon_core.package_identification:_identify(src/soal-3-coconsept/src) by extensions ['ros']
[0.185s] Level 1:colcon.colcon_core.package_identification:_identify(src/soal-3-coconsept/src) by extension 'ros'
[0.185s] Level 1:colcon.colcon_core.package_identification:_identify(src/soal-3-coconsept/src) by extensions ['cmake', 'python']
[0.185s] Level 1:colcon.colcon_core.package_identification:_identify(src/soal-3-coconsept/src) by extension 'cmake'
[0.185s] Level 1:colcon.colcon_core.package_identification:_identify(src/soal-3-coconsept/src) by extension 'python'
[0.185s] Level 1:colcon.colcon_core.package_identification:_identify(src/soal-3-coconsept/src) by extensions ['python_setup_py']
[0.185s] Level 1:colcon.colcon_core.package_identification:_identify(src/soal-3-coconsept/src) by extension 'python_setup_py'
[0.185s] Level 1:colcon.colcon_core.package_identification:_identify(src/soal-3-coconsept/src/yapping) by extensions ['ignore', 'ignore_ament_install']
[0.185s] Level 1:colcon.colcon_core.package_identification:_identify(src/soal-3-coconsept/src/yapping) by extension 'ignore'
[0.186s] Level 1:colcon.colcon_core.package_identification:_identify(src/soal-3-coconsept/src/yapping) by extension 'ignore_ament_install'
[0.186s] Level 1:colcon.colcon_core.package_identification:_identify(src/soal-3-coconsept/src/yapping) by extensions ['colcon_pkg']
[0.186s] Level 1:colcon.colcon_core.package_identification:_identify(src/soal-3-coconsept/src/yapping) by extension 'colcon_pkg'
[0.186s] Level 1:colcon.colcon_core.package_identification:_identify(src/soal-3-coconsept/src/yapping) by extensions ['colcon_meta']
[0.186s] Level 1:colcon.colcon_core.package_identification:_identify(src/soal-3-coconsept/src/yapping) by extension 'colcon_meta'
[0.186s] Level 1:colcon.colcon_core.package_identification:_identify(src/soal-3-coconsept/src/yapping) by extensions ['ros']
[0.186s] Level 1:colcon.colcon_core.package_identification:_identify(src/soal-3-coconsept/src/yapping) by extension 'ros'
[0.189s] DEBUG:colcon.colcon_core.package_identification:Package 'src/soal-3-coconsept/src/yapping' with type 'ros.ament_cmake' and name 'yapping'
[0.189s] Level 1:colcon.colcon_core.package_identification:_identify(src/soal-4) by extensions ['ignore', 'ignore_ament_install']
[0.189s] Level 1:colcon.colcon_core.package_identification:_identify(src/soal-4) by extension 'ignore'
[0.189s] Level 1:colcon.colcon_core.package_identification:_identify(src/soal-4) by extension 'ignore_ament_install'
[0.190s] Level 1:colcon.colcon_core.package_identification:_identify(src/soal-4) by extensions ['colcon_pkg']
[0.190s] Level 1:colcon.colcon_core.package_identification:_identify(src/soal-4) by extension 'colcon_pkg'
[0.190s] Level 1:colcon.colcon_core.package_identification:_identify(src/soal-4) by extensions ['colcon_meta']
[0.190s] Level 1:colcon.colcon_core.package_identification:_identify(src/soal-4) by extension 'colcon_meta'
[0.190s] Level 1:colcon.colcon_core.package_identification:_identify(src/soal-4) by extensions ['ros']
[0.190s] Level 1:colcon.colcon_core.package_identification:_identify(src/soal-4) by extension 'ros'
[0.190s] Level 1:colcon.colcon_core.package_identification:_identify(src/soal-4) by extensions ['cmake', 'python']
[0.190s] Level 1:colcon.colcon_core.package_identification:_identify(src/soal-4) by extension 'cmake'
[0.190s] Level 1:colcon.colcon_core.package_identification:_identify(src/soal-4) by extension 'python'
[0.190s] Level 1:colcon.colcon_core.package_identification:_identify(src/soal-4) by extensions ['python_setup_py']
[0.190s] Level 1:colcon.colcon_core.package_identification:_identify(src/soal-4) by extension 'python_setup_py'
[0.191s] Level 1:colcon.colcon_core.package_identification:_identify(src/soal-5-coconsept) by extensions ['ignore', 'ignore_ament_install']
[0.191s] Level 1:colcon.colcon_core.package_identification:_identify(src/soal-5-coconsept) by extension 'ignore'
[0.191s] Level 1:colcon.colcon_core.package_identification:_identify(src/soal-5-coconsept) by extension 'ignore_ament_install'
[0.191s] Level 1:colcon.colcon_core.package_identification:_identify(src/soal-5-coconsept) by extensions ['colcon_pkg']
[0.191s] Level 1:colcon.colcon_core.package_identification:_identify(src/soal-5-coconsept) by extension 'colcon_pkg'
[0.191s] Level 1:colcon.colcon_core.package_identification:_identify(src/soal-5-coconsept) by extensions ['colcon_meta']
[0.191s] Level 1:colcon.colcon_core.package_identification:_identify(src/soal-5-coconsept) by extension 'colcon_meta'
[0.191s] Level 1:colcon.colcon_core.package_identification:_identify(src/soal-5-coconsept) by extensions ['ros']
[0.191s] Level 1:colcon.colcon_core.package_identification:_identify(src/soal-5-coconsept) by extension 'ros'
[0.192s] Level 1:colcon.colcon_core.package_identification:_identify(src/soal-5-coconsept) by extensions ['cmake', 'python']
[0.192s] Level 1:colcon.colcon_core.package_identification:_identify(src/soal-5-coconsept) by extension 'cmake'
[0.192s] Level 1:colcon.colcon_core.package_identification:_identify(src/soal-5-coconsept) by extension 'python'
[0.192s] Level 1:colcon.colcon_core.package_identification:_identify(src/soal-5-coconsept) by extensions ['python_setup_py']
[0.192s] Level 1:colcon.colcon_core.package_identification:_identify(src/soal-5-coconsept) by extension 'python_setup_py'
[0.192s] Level 1:colcon.colcon_core.package_identification:_identify(src/soal-6-coconsept) by extensions ['ignore', 'ignore_ament_install']
[0.192s] Level 1:colcon.colcon_core.package_identification:_identify(src/soal-6-coconsept) by extension 'ignore'
[0.192s] Level 1:colcon.colcon_core.package_identification:_identify(src/soal-6-coconsept) by extension 'ignore_ament_install'
[0.192s] Level 1:colcon.colcon_core.package_identification:_identify(src/soal-6-coconsept) by extensions ['colcon_pkg']
[0.192s] Level 1:colcon.colcon_core.package_identification:_identify(src/soal-6-coconsept) by extension 'colcon_pkg'
[0.193s] Level 1:colcon.colcon_core.package_identification:_identify(src/soal-6-coconsept) by extensions ['colcon_meta']
[0.193s] Level 1:colcon.colcon_core.package_identification:_identify(src/soal-6-coconsept) by extension 'colcon_meta'
[0.193s] Level 1:colcon.colcon_core.package_identification:_identify(src/soal-6-coconsept) by extensions ['ros']
[0.193s] Level 1:colcon.colcon_core.package_identification:_identify(src/soal-6-coconsept) by extension 'ros'
[0.193s] Level 1:colcon.colcon_core.package_identification:_identify(src/soal-6-coconsept) by extensions ['cmake', 'python']
[0.193s] Level 1:colcon.colcon_core.package_identification:_identify(src/soal-6-coconsept) by extension 'cmake'
[0.193s] Level 1:colcon.colcon_core.package_identification:_identify(src/soal-6-coconsept) by extension 'python'
[0.193s] Level 1:colcon.colcon_core.package_identification:_identify(src/soal-6-coconsept) by extensions ['python_setup_py']
[0.193s] Level 1:colcon.colcon_core.package_identification:_identify(src/soal-6-coconsept) by extension 'python_setup_py'
[0.193s] Level 1:colcon.colcon_core.package_discovery:discover_packages(recursive) using defaults
[0.194s] Level 1:colcon.colcon_core.package_discovery:discover_packages(ignore) discover
[0.194s] Level 1:colcon.colcon_core.package_discovery:discover_packages(ignore) using defaults
[0.194s] Level 1:colcon.colcon_core.package_discovery:discover_packages(path) discover
[0.194s] Level 1:colcon.colcon_core.package_discovery:discover_packages(path) using defaults
[0.212s] Level 5:colcon.colcon_core.verb:set package 'yapping' build argument 'cmake_args' from command line to 'None'
[0.213s] Level 5:colcon.colcon_core.verb:set package 'yapping' build argument 'cmake_target' from command line to 'None'
[0.213s] Level 5:colcon.colcon_core.verb:set package 'yapping' build argument 'cmake_target_skip_unavailable' from command line to 'False'
[0.213s] Level 5:colcon.colcon_core.verb:set package 'yapping' build argument 'cmake_clean_cache' from command line to 'False'
[0.213s] Level 5:colcon.colcon_core.verb:set package 'yapping' build argument 'cmake_clean_first' from command line to 'False'
[0.213s] Level 5:colcon.colcon_core.verb:set package 'yapping' build argument 'cmake_force_configure' from command line to 'False'
[0.213s] Level 5:colcon.colcon_core.verb:set package 'yapping' build argument 'ament_cmake_args' from command line to 'None'
[0.213s] Level 5:colcon.colcon_core.verb:set package 'yapping' build argument 'catkin_cmake_args' from command line to 'None'
[0.213s] Level 5:colcon.colcon_core.verb:set package 'yapping' build argument 'catkin_skip_building_tests' from command line to 'False'
[0.213s] DEBUG:colcon.colcon_core.verb:Building package 'yapping' with the following arguments: {'ament_cmake_args': None, 'build_base': '/root/ros_ws/CaRSC26-_-THT-_-13524130./build/yapping', 'catkin_cmake_args': None, 'catkin_skip_building_tests': False, 'cmake_args': None, 'cmake_clean_cache': False, 'cmake_clean_first': False, 'cmake_force_configure': False, 'cmake_target': None, 'cmake_target_skip_unavailable': False, 'install_base': '/root/ros_ws/CaRSC26-_-THT-_-13524130./install/yapping', 'merge_install': False, 'path': '/root/ros_ws/CaRSC26-_-THT-_-13524130./src/soal-3-coconsept/src/yapping', 'symlink_install': True, 'test_result_base': None}
[0.213s] INFO:colcon.colcon_core.executor:Executing jobs using 'parallel' executor
[0.214s] DEBUG:colcon.colcon_parallel_executor.executor.parallel:run_until_complete
[0.215s] INFO:colcon.colcon_ros.task.ament_cmake.build:Building ROS package in '/root/ros_ws/CaRSC26-_-THT-_-13524130./src/soal-3-coconsept/src/yapping' with build type 'ament_cmake'
[0.215s] INFO:colcon.colcon_cmake.task.cmake.build:Building CMake package in '/root/ros_ws/CaRSC26-_-THT-_-13524130./src/soal-3-coconsept/src/yapping'
[0.217s] INFO:colcon.colcon_core.plugin_system:Skipping extension 'colcon_core.shell.bat': Not used on non-Windows systems
[0.217s] INFO:colcon.colcon_core.shell:Skip shell extension 'powershell' for command environment: Not usable outside of PowerShell
[0.217s] DEBUG:colcon.colcon_core.shell:Skip shell extension 'dsv' for command environment
[0.229s] DEBUG:colcon.colcon_core.event_handler.log_command:Invoking command in '/root/ros_ws/CaRSC26-_-THT-_-13524130./build/yapping': /usr/bin/cmake /root/ros_ws/CaRSC26-_-THT-_-13524130./src/soal-3-coconsept/src/yapping -DAMENT_CMAKE_SYMLINK_INSTALL=1 -DCMAKE_INSTALL_PREFIX=/root/ros_ws/CaRSC26-_-THT-_-13524130./install/yapping
[0.662s] DEBUG:colcon.colcon_core.event_handler.log_command:Invoked command in '/root/ros_ws/CaRSC26-_-THT-_-13524130./build/yapping' returned '1': /usr/bin/cmake /root/ros_ws/CaRSC26-_-THT-_-13524130./src/soal-3-coconsept/src/yapping -DAMENT_CMAKE_SYMLINK_INSTALL=1 -DCMAKE_INSTALL_PREFIX=/root/ros_ws/CaRSC26-_-THT-_-13524130./install/yapping
[0.668s] Level 1:colcon.colcon_core.environment:create_environment_scripts_only(yapping)
[0.671s] Level 1:colcon.colcon_core.environment:checking '/root/ros_ws/CaRSC26-_-THT-_-13524130./install/yapping' for CMake module files
[0.672s] Level 1:colcon.colcon_core.environment:checking '/root/ros_ws/CaRSC26-_-THT-_-13524130./install/yapping' for CMake config files
[0.672s] Level 1:colcon.colcon_core.environment:checking '/root/ros_ws/CaRSC26-_-THT-_-13524130./install/yapping/bin'
[0.672s] Level 1:colcon.colcon_core.environment:checking '/root/ros_ws/CaRSC26-_-THT-_-13524130./install/yapping/lib/pkgconfig/yapping.pc'
[0.674s] Level 1:colcon.colcon_core.environment:checking '/root/ros_ws/CaRSC26-_-THT-_-13524130./install/yapping/lib/python3.10/site-packages'
[0.675s] Level 1:colcon.colcon_core.environment:checking '/root/ros_ws/CaRSC26-_-THT-_-13524130./install/yapping/bin'
[0.675s] INFO:colcon.colcon_core.shell:Creating package script '/root/ros_ws/CaRSC26-_-THT-_-13524130./install/yapping/share/yapping/package.ps1'
[0.677s] INFO:colcon.colcon_core.shell:Creating package descriptor '/root/ros_ws/CaRSC26-_-THT-_-13524130./install/yapping/share/yapping/package.dsv'
[0.677s] INFO:colcon.colcon_core.shell:Creating package script '/root/ros_ws/CaRSC26-_-THT-_-13524130./install/yapping/share/yapping/package.sh'
[0.678s] INFO:colcon.colcon_core.shell:Creating package script '/root/ros_ws/CaRSC26-_-THT-_-13524130./install/yapping/share/yapping/package.bash'
[0.679s] INFO:colcon.colcon_core.shell:Creating package script '/root/ros_ws/CaRSC26-_-THT-_-13524130./install/yapping/share/yapping/package.zsh'
[0.680s] Level 1:colcon.colcon_core.environment:create_file_with_runtime_dependencies(/root/ros_ws/CaRSC26-_-THT-_-13524130./install/yapping/share/colcon-core/packages/yapping)
[0.692s] DEBUG:colcon.colcon_parallel_executor.executor.parallel:closing loop
[0.692s] DEBUG:colcon.colcon_parallel_executor.executor.parallel:loop closed
[0.693s] DEBUG:colcon.colcon_parallel_executor.executor.parallel:run_until_complete finished with '1'
[0.693s] DEBUG:colcon.colcon_core.event_reactor:joining thread
[0.698s] INFO:colcon.colcon_core.plugin_system:Skipping extension 'colcon_notification.desktop_notification.notify_send': Could not find 'notify-send'
[0.698s] INFO:colcon.colcon_core.plugin_system:Skipping extension 'colcon_notification.desktop_notification.terminal_notifier': Not used on non-Darwin systems
[0.698s] INFO:colcon.colcon_core.plugin_system:Skipping extension 'colcon_notification.desktop_notification.win32': Not used on non-Windows systems
[0.698s] INFO:colcon.colcon_notification.desktop_notification:Sending desktop notification using 'notify2'
[0.701s] DEBUG:colcon.colcon_notification.desktop_notification.notify2:Failed to initialize notify2: org.freedesktop.DBus.Error.Spawn.ExecFailed: /usr/bin/dbus-launch terminated abnormally without any error message
[0.701s] DEBUG:colcon.colcon_core.event_reactor:joined thread
[0.702s] INFO:colcon.colcon_core.shell:Creating prefix script '/root/ros_ws/CaRSC26-_-THT-_-13524130./install/local_setup.ps1'
[0.703s] INFO:colcon.colcon_core.shell:Creating prefix util module '/root/ros_ws/CaRSC26-_-THT-_-13524130./install/_local_setup_util_ps1.py'
[0.705s] INFO:colcon.colcon_core.shell:Creating prefix chain script '/root/ros_ws/CaRSC26-_-THT-_-13524130./install/setup.ps1'
[0.706s] INFO:colcon.colcon_core.shell:Creating prefix script '/root/ros_ws/CaRSC26-_-THT-_-13524130./install/local_setup.sh'
[0.707s] INFO:colcon.colcon_core.shell:Creating prefix util module '/root/ros_ws/CaRSC26-_-THT-_-13524130./install/_local_setup_util_sh.py'
[0.708s] INFO:colcon.colcon_core.shell:Creating prefix chain script '/root/ros_ws/CaRSC26-_-THT-_-13524130./install/setup.sh'
[0.710s] INFO:colcon.colcon_core.shell:Creating prefix script '/root/ros_ws/CaRSC26-_-THT-_-13524130./install/local_setup.bash'
[0.710s] INFO:colcon.colcon_core.shell:Creating prefix chain script '/root/ros_ws/CaRSC26-_-THT-_-13524130./install/setup.bash'
[0.712s] INFO:colcon.colcon_core.shell:Creating prefix script '/root/ros_ws/CaRSC26-_-THT-_-13524130./install/local_setup.zsh'
[0.713s] INFO:colcon.colcon_core.shell:Creating prefix chain script '/root/ros_ws/CaRSC26-_-THT-_-13524130./install/setup.zsh'
