[0.014s] Invoking command in '/root/ros_ws/CaRSC26-_-THT-_-13524130./build/yapping': /usr/bin/cmake /root/ros_ws/CaRSC26-_-THT-_-13524130./src/soal-3-coconsept/src/yapping -DAMENT_CMAKE_SYMLINK_INSTALL=1 -DCMAKE_INSTALL_PREFIX=/root/ros_ws/CaRSC26-_-THT-_-13524130./install/yapping
[0.078s] -- The C compiler identification is GNU 11.4.0
[0.192s] -- The CXX compiler identification is GNU 11.4.0
[0.212s] -- Detecting C compiler ABI info
[0.310s] -- Detecting C compiler ABI info - done
[0.318s] -- Check for working C compiler: /usr/bin/cc - skipped
[0.319s] -- Detecting C compile features
[0.320s] -- Detecting C compile features - done
[0.325s] -- Detecting CXX compiler ABI info
[0.413s] -- Detecting CXX compiler ABI info - done
[0.426s] -- Check for working CXX compiler: /usr/bin/c++ - skipped
[0.427s] -- Detecting CXX compile features
[0.427s] -- Detecting CXX compile features - done
[0.438s] [31mCMake Error at CMakeLists.txt:4 (find_package):
[0.438s]   By not providing "Findament_cmake.cmake" in CMAKE_MODULE_PATH this project
[0.438s]   has asked CMake to find a package configuration file provided by
[0.440s]   "ament_cmake", but CMake did not find one.
[0.441s] 
[0.442s]   Could not find a package configuration file provided by "ament_cmake" with
[0.443s]   any of the following names:
[0.443s] 
[0.444s]     ament_cmakeConfig.cmake
[0.445s]     ament_cmake-config.cmake
[0.445s] 
[0.445s]   Add the installation prefix of "ament_cmake" to CMAKE_PREFIX_PATH or set
[0.445s]   "ament_cmake_DIR" to a directory containing one of the above files.  If
[0.445s]   "ament_cmake" provides a separate development package or SDK, be sure it
[0.446s]   has been installed.
[0.446s] 
[0.446s] [0m
[0.446s] -- Configuring incomplete, errors occurred!
[0.446s] See also "/root/ros_ws/CaRSC26-_-THT-_-13524130./build/yapping/CMakeFiles/CMakeOutput.log".
[0.447s] Invoked command in '/root/ros_ws/CaRSC26-_-THT-_-13524130./build/yapping' returned '1': /usr/bin/cmake /root/ros_ws/CaRSC26-_-THT-_-13524130./src/soal-3-coconsept/src/yapping -DAMENT_CMAKE_SYMLINK_INSTALL=1 -DCMAKE_INSTALL_PREFIX=/root/ros_ws/CaRSC26-_-THT-_-13524130./install/yapping
