[0.007s] Invoking command in '/root/ros_ws/CaRSC26-_-THT-_-13524130./build/yapping': /usr/bin/cmake /root/ros_ws/CaRSC26-_-THT-_-13524130./src/soal-3-coconsept/src/yapping -DAMENT_CMAKE_SYMLINK_INSTALL=1 -DCMAKE_INSTALL_PREFIX=/root/ros_ws/CaRSC26-_-THT-_-13524130./install/yapping
[0.026s] [31mCMake Error at CMakeLists.txt:4 (find_package):
[0.026s]   By not providing "Findament_cmake.cmake" in CMAKE_MODULE_PATH this project
[0.027s]   has asked CMake to find a package configuration file provided by
[0.028s]   "ament_cmake", but CMake did not find one.
[0.029s] 
[0.029s]   Could not find a package configuration file provided by "ament_cmake" with
[0.029s]   any of the following names:
[0.030s] 
[0.031s]     ament_cmakeConfig.cmake
[0.031s]     ament_cmake-config.cmake
[0.031s] 
[0.031s]   Add the installation prefix of "ament_cmake" to CMAKE_PREFIX_PATH or set
[0.032s]   "ament_cmake_DIR" to a directory containing one of the above files.  If
[0.032s]   "ament_cmake" provides a separate development package or SDK, be sure it
[0.032s]   has been installed.
[0.032s] 
[0.032s] [0m
[0.032s] -- Configuring incomplete, errors occurred!
[0.032s] See also "/root/ros_ws/CaRSC26-_-THT-_-13524130./build/yapping/CMakeFiles/CMakeOutput.log".
[0.033s] Invoked command in '/root/ros_ws/CaRSC26-_-THT-_-13524130./build/yapping' returned '1': /usr/bin/cmake /root/ros_ws/CaRSC26-_-THT-_-13524130./src/soal-3-coconsept/src/yapping -DAMENT_CMAKE_SYMLINK_INSTALL=1 -DCMAKE_INSTALL_PREFIX=/root/ros_ws/CaRSC26-_-THT-_-13524130./install/yapping
